<?xml version="1.0" encoding="UTF-8"?>
<!-- Generated by org.testng.reporters.JUnitReportReporter -->
<testsuite hostname="DESKTOP-C21QKP5" failures="0" tests="2" name="TestNGbasic.Nike" time="46.533" errors="0" timestamp="2024-07-11T11:41:48 IST" skipped="0">
  <testcase classname="TestNGbasic.Nike" name="nike" time="42.135"/>
  <testcase classname="TestNGbasic.Nike" name="nike" time="4.398"/>
</testsuite> <!-- TestNGbasic.Nike -->
