<?xml version="1.0" encoding="UTF-8"?>
<!-- Generated by org.testng.reporters.JUnitReportReporter -->
<testsuite hostname="DESKTOP-C21QKP5" failures="0" tests="1" name="chronologicalOrder.chronologicalOrderAnnotation" time="0.016" errors="0" timestamp="2024-07-12T10:44:55 IST" skipped="0">
  <testcase classname="chronologicalOrder.chronologicalOrderAnnotation" name="testcase" time="0.016"/>
</testsuite> <!-- chronologicalOrder.chronologicalOrderAnnotation -->
