<?xml version="1.0" encoding="UTF-8"?>
<!-- Generated by org.testng.reporters.JUnitReportReporter -->
<testsuite hostname="DESKTOP-C21QKP5" failures="0" tests="1" name="Assertion.HardAssert" time="10.962" errors="0" timestamp="2024-07-16T22:58:29 IST" skipped="0">
  <testcase classname="Assertion.HardAssert" name="main" time="10.962">
    <system-out>
      <![CDATA[i'm in dws page
i'm in instagram]]>
    </system-out>
  </testcase> <!-- main -->
  <system-out>
    <![CDATA[i'm in dws page
i'm in instagram]]>
  </system-out>
</testsuite> <!-- Assertion.HardAssert -->
