<?xml version="1.0" encoding="UTF-8"?>
<!-- Generated by org.testng.reporters.JUnitReportReporter -->
<testsuite hostname="DESKTOP-C21QKP5" failures="0" tests="1" name="Testng2.BikeRoyalEnfield" time="65.525" errors="0" timestamp="2024-07-20T10:42:19 IST" skipped="0">
  <testcase classname="Testng2.BikeRoyalEnfield" name="enfield" time="65.525">
    <system-out>
      <![CDATA[enfield
onTestSuccess]]>
    </system-out>
  </testcase> <!-- enfield -->
  <system-out>
    <![CDATA[onStart
enfield
onTestSuccess
pulsar
onTestSuccess
avenger
onTestSuccess]]>
  </system-out>
</testsuite> <!-- Testng2.BikeRoyalEnfield -->
