<?xml version="1.0" encoding="UTF-8"?>
<!-- Generated by org.testng.reporters.JUnitReportReporter -->
<testsuite hostname="DESKTOP-C21QKP5" failures="0" tests="1" name="Testng2.BikeAvenger" time="20.212" errors="0" timestamp="2024-07-20T10:42:19 IST" skipped="0">
  <testcase classname="Testng2.BikeAvenger" name="avenger" time="20.212">
    <system-out>
      <![CDATA[avenger
onTestSuccess]]>
    </system-out>
  </testcase> <!-- avenger -->
  <system-out>
    <![CDATA[onStart
enfield
onTestSuccess
pulsar
onTestSuccess
avenger
onTestSuccess]]>
  </system-out>
</testsuite> <!-- Testng2.BikeAvenger -->
