<?xml version="1.0" encoding="UTF-8"?>
<!-- Generated by org.testng.reporters.JUnitReportReporter -->
<testsuite hostname="DESKTOP-C21QKP5" failures="0" tests="1" name="basic.StartTestNG" time="37.595" errors="0" timestamp="2024-07-10T10:51:41 IST" skipped="0">
  <testcase classname="basic.StartTestNG" name="launch" time="37.595"/>
</testsuite> <!-- basic.StartTestNG -->
