<?xml version="1.0" encoding="UTF-8"?>
<!-- Generated by org.testng.reporters.JUnitReportReporter -->
<testsuite hostname="DESKTOP-C21QKP5" failures="0" tests="1" name="ProjectObjectModel.LogininFunction" time="18.643" errors="0" timestamp="2024-07-17T12:06:55 IST" skipped="0">
  <testcase classname="ProjectObjectModel.LogininFunction" name="main" time="18.643"/>
</testsuite> <!-- ProjectObjectModel.LogininFunction -->
