<?xml version="1.0" encoding="UTF-8"?>
<!-- Generated by org.testng.reporters.JUnitReportReporter -->
<testsuite hostname="DESKTOP-C21QKP5" failures="0" tests="1" name="Testng2.BikePulsar" time="15.073" errors="0" timestamp="2024-07-20T10:42:19 IST" skipped="0">
  <testcase classname="Testng2.BikePulsar" name="pulsar" time="15.073">
    <system-out>
      <![CDATA[pulsar
onTestSuccess]]>
    </system-out>
  </testcase> <!-- pulsar -->
  <system-out>
    <![CDATA[onStart
enfield
onTestSuccess
pulsar
onTestSuccess
avenger
onTestSuccess]]>
  </system-out>
</testsuite> <!-- Testng2.BikePulsar -->
