<?xml version="1.0" encoding="UTF-8"?>
<!-- Generated by org.testng.reporters.JUnitReportReporter -->
<testsuite hostname="DESKTOP-C21QKP5" failures="0" tests="2" name="TestNGbasic.Redtap" time="17.835" errors="0" timestamp="2024-07-11T11:41:48 IST" skipped="0">
  <testcase classname="TestNGbasic.Redtap" name="redtap" time="12.320"/>
  <testcase classname="TestNGbasic.Redtap" name="redtap" time="5.515"/>
</testsuite> <!-- TestNGbasic.Redtap -->
