<?xml version="1.0" encoding="UTF-8"?>
<!-- Generated by org.testng.reporters.JUnitReportReporter -->
<testsuite hostname="DESKTOP-C21QKP5" failures="0" tests="1" name="Listener1.NetworkFailure" time="8.315" errors="0" timestamp="2024-07-20T11:21:59 IST" skipped="0">
  <testcase classname="Listener1.NetworkFailure" name="executeOneMoreTime" time="8.315"/>
</testsuite> <!-- Listener1.NetworkFailure -->
