<?xml version="1.0" encoding="UTF-8"?>
<!-- Generated by org.testng.reporters.JUnitReportReporter -->
<testsuite hostname="DESKTOP-C21QKP5" failures="0" tests="1" name="ExtentReport.LoginFunction" time="18.118" errors="0" timestamp="2024-07-30T17:01:28 IST" skipped="0">
  <testcase classname="ExtentReport.LoginFunction" name="CorrectCredential" time="18.118"/>
</testsuite> <!-- ExtentReport.LoginFunction -->
