<?xml version="1.0" encoding="UTF-8"?>
<!-- Generated by org.testng.reporters.JUnitReportReporter -->
<testsuite hostname="DESKTOP-C21QKP5" failures="0" tests="2" name="TestNGbasic.StartTestNG" time="3.305" errors="0" timestamp="2024-07-11T11:35:41 IST" skipped="0">
  <testcase classname="TestNGbasic.StartTestNG" name="launch" time="1.710"/>
  <testcase classname="TestNGbasic.StartTestNG" name="launch" time="1.595"/>
</testsuite> <!-- TestNGbasic.StartTestNG -->
