<?xml version="1.0" encoding="UTF-8"?>
<!-- Generated by org.testng.reporters.JUnitReportReporter -->
<testsuite hostname="DESKTOP-C21QKP5" failures="0" tests="1" name="ExtentReport.SampleReport" time="2.924" errors="0" timestamp="2024-07-29T11:50:23 IST" skipped="0">
  <testcase classname="ExtentReport.SampleReport" name="BasicReport" time="2.924"/>
</testsuite> <!-- ExtentReport.SampleReport -->
