<?xml version="1.0" encoding="UTF-8"?>
<!-- Generated by org.testng.reporters.JUnitReportReporter -->
<testsuite hostname="DESKTOP-C21QKP5" failures="0" tests="1" name="Task.CreateOrganizationTest" time="0.030" errors="0" timestamp="2024-07-20T12:37:58 IST" skipped="0">
  <testcase classname="Task.CreateOrganizationTest" name="testCreateOrganization" time="0.030">
    <system-out>
      <![CDATA[Checking if home page is displayed
Navigating to organization
Navigating to create new organization page
Checking if create new organization page is displayed
Creating organization with name: sriram laptops
Checking if organization is created with name: sriram laptops
Logging out]]>
    </system-out>
  </testcase> <!-- testCreateOrganization -->
  <system-out>
    <![CDATA[Checking if home page is displayed
Navigating to organization
Navigating to create new organization page
Checking if create new organization page is displayed
Creating organization with name: sriram laptops
Checking if organization is created with name: sriram laptops
Logging out]]>
  </system-out>
</testsuite> <!-- Task.CreateOrganizationTest -->
